13:29:30.369 [JavaFX Application Thread] DEBUG GameApplication      - Logger initialized
13:29:30.401 [JavaFX Application Thread] DEBUG MainWindow           - Creating a JavaFX scene
13:29:30.575 [JavaFX Application Thread] DEBUG MainWindow           - Target settings size: 800.0 x 600.0
13:29:30.576 [JavaFX Application Thread] DEBUG MainWindow           - Scaled scene size:    800.0 x 600.0
13:29:30.576 [JavaFX Application Thread] DEBUG MainWindow           - Scaled ratio: (1.0, 1.0)
13:29:30.587 [JavaFX Application Thread] DEBUG GameApplication      - Starting FXGL
13:29:30.595 [JavaFX Application Thread] INFO  FXGL                 - FXGL-0.5.3 on DESKTOP
13:29:30.596 [JavaFX Application Thread] INFO  FXGL                 - Source code and latest versions at: https://github.com/AlmasB/FXGL
13:29:30.596 [JavaFX Application Thread] INFO  FXGL                 -              Join the FXGL chat at: https://gitter.im/AlmasB/FXGL
13:29:30.611 [JavaFX Application Thread] DEBUG FS                   - Loaded DesktopFSService
13:29:30.613 [JavaFX Application Thread] DEBUG FXGL                 - Loading FXGL system data
13:29:30.626 [JavaFX Application Thread] DEBUG DesktopFSService     - Reading from: system\fxgl.bundle
13:29:30.647 [JavaFX Application Thread] DEBUG Bundle               - Logging bundle: FXGL
13:29:30.649 [JavaFX Application Thread] DEBUG Bundle               - FXGL.offline.timer.version.check=2018-08-18T13:31:12.664
13:29:30.721 [JavaFX Application Thread] DEBUG GameApplication      - FXGL started
13:29:30.722 [JavaFX Application Thread] DEBUG GameApplication      - Logging game settings
Title: Pinball App
Version: 0.1
Width: 800
Height: 600
Fullscreen: false
Intro: false
Menus: false
Profiling: false
Single step:false
App Mode: DEVELOPER
Menu Key: ESCAPE
Stage Style: DECORATED
Scene Factory: class com.almasb.fxgl.scene.SceneFactory
Dialog Factory: class com.almasb.fxgl.ui.FXGLDialogFactory
UI Factory: class com.almasb.fxgl.ui.FXGLUIFactory
Notification Service: class com.almasb.fxgl.gameplay.notification.XboxNotificationView
Exception Handler: class com.almasb.fxgl.app.FXGLExceptionHandler
13:29:30.724 [JavaFX Application Thread] DEBUG GameApplication      - Configuring GameApplication
13:29:30.724 [JavaFX Application Thread] DEBUG GameApplication      - Initializing state machine and application states
13:29:30.775 [JavaFX Application Thread] DEBUG AssetLoader          - Loading from disk: /assets/ui/cursors/fxgl_default.png
13:29:30.819 [JavaFX Application Thread] DEBUG AssetLoader          - Loading from disk: /assets/ui/cursors/fxgl_default.png
13:29:30.890 [JavaFX Application Thread] DEBUG FXGLAssets           - Loading FXGLAssets
13:29:30.983 [JavaFX Application Thread] DEBUG AssetLoader          - Loading from disk: /assets/ui/fonts/VarelaRound-Regular.ttf
13:29:31.338 [JavaFX Application Thread] DEBUG AssetLoader          - Loading from disk: /assets/ui/fonts/lucida_console.ttf
13:29:31.344 [JavaFX Application Thread] DEBUG AssetLoader          - Loading from disk: /assets/ui/fonts/Courier-Prime.ttf
13:29:31.348 [JavaFX Application Thread] DEBUG AssetLoader          - Loading from disk: /assets/ui/fonts/Abel-Regular.ttf
13:29:31.351 [JavaFX Application Thread] DEBUG AssetLoader          - Loading from disk: /assets/ui/css/fxgl_dark.css
13:29:31.386 [JavaFX Application Thread] DEBUG AssetLoader          - Loading from disk: /assets/ui/cursors/fxgl_default.png
13:29:31.464 [JavaFX Application Thread] DEBUG AssetLoader          - Loading from disk: /assets/ui/cursors/fxgl_default.png
13:29:31.490 [JavaFX Application Thread] DEBUG GameScene            - Game scene initialized: 800x600
13:29:31.495 [JavaFX Application Thread] DEBUG GameWorld            - Game world initialized
13:29:31.563 [JavaFX Application Thread] DEBUG PhysicsWorld         - Physics world initialized: appHeight=600, physics.ppm=50,0
13:29:31.597 [JavaFX Application Thread] DEBUG Input                - Registered new binding: Pause - Esc
13:29:31.624 [JavaFX Application Thread] DEBUG Input                - Clearing active input actions
13:29:31.682 [JavaFX Application Thread] DEBUG AppStateMachine      - StartupState -> StartupState
13:29:31.689 [JavaFX Application Thread] INFO  GameApplication      - Game configuration took:  0,965 sec
13:29:31.691 [JavaFX Application Thread] DEBUG AssetLoader          - Loading from disk: /assets/textures/fxgl_icon.png
13:29:31.710 [JavaFX Application Thread] DEBUG MainWindow           - Opening main window
13:29:31.868 [JavaFX Application Thread] DEBUG MainWindow           - Window border size: (6.0, 29.0)
13:29:31.868 [JavaFX Application Thread] DEBUG MainWindow           - Scaled size: 800.0 x 600.0
13:29:31.869 [JavaFX Application Thread] DEBUG MainWindow           - Scaled ratio: (1.0, 1.0)
13:29:31.869 [JavaFX Application Thread] DEBUG MainWindow           - Scene size: 800.0 x 600.0
13:29:31.869 [JavaFX Application Thread] DEBUG MainWindow           - Stage size: 806.0 x 629.0
13:29:31.869 [JavaFX Application Thread] DEBUG GameApplication      - Running preInit()
13:29:31.871 [JavaFX Application Thread] DEBUG Input                - Registered new binding: Screenshot - P
13:29:31.872 [JavaFX Application Thread] DEBUG Input                - Registered new binding: Dev Options - CTRL+0
13:29:31.873 [JavaFX Application Thread] DEBUG Input                - Registered new binding: System info dump - CTRL+9
13:29:31.873 [JavaFX Application Thread] DEBUG Input                - Registered new binding: Restart - CTRL+R
13:29:31.874 [JavaFX Application Thread] DEBUG Input                - Registered new binding: Left Spin - A
13:29:31.874 [JavaFX Application Thread] DEBUG Input                - Registered new binding: Right Spin - D
13:29:31.874 [JavaFX Application Thread] DEBUG Input                - Registered new binding: New Ball - Space
13:29:31.874 [JavaFX Application Thread] DEBUG Input                - Registered new binding: New Game - N
13:29:31.921 [JavaFX Application Thread] DEBUG GameApplication      - Starting main loop
13:29:31.922 [JavaFX Application Thread] DEBUG StartupState         - STARTUP
13:29:31.923 [JavaFX Application Thread] DEBUG GameApplication      - Starting new game
13:29:31.923 [JavaFX Application Thread] DEBUG Input                - Clearing active input actions
13:29:31.934 [JavaFX Application Thread] DEBUG AppStateMachine      - StartupState -> LoadingState
13:29:31.942 [FXGL Background Thread 1 ] DEBUG InitAppTask          - Clearing previous game
13:29:31.942 [FXGL Background Thread 1 ] DEBUG GameWorld            - Clearing game world
13:29:31.942 [FXGL Background Thread 1 ] DEBUG PhysicsWorld         - Clearing physics world
13:29:31.942 [FXGL Background Thread 1 ] DEBUG GameScene            - Clearing game scene
13:29:31.943 [FXGL Background Thread 1 ] DEBUG InitAppTask          - Initializing Game
13:29:32.041 [FXGL Background Thread 1 ] DEBUG GameScene            - Creating render group for layer: BACKGROUND(1000)
13:29:32.112 [FXGL Background Thread 1 ] DEBUG GameScene            - Creating render group for layer: DEFAULT(100000)
13:29:32.114 [FXGL Background Thread 1 ] DEBUG InitAppTask          - Initializing Physics
13:29:32.115 [FXGL Background Thread 1 ] DEBUG InitAppTask          - Initializing UI
13:29:32.116 [FXGL Background Thread 1 ] DEBUG InitAppTask          - Initialization Complete
13:29:32.117 [FXGL Background Thread 1 ] INFO  InitAppTask          - Game initialization took: 0,175 sec
13:29:32.119 [JavaFX Application Thread] DEBUG Input                - Clearing active input actions
13:29:32.127 [JavaFX Application Thread] DEBUG AppStateMachine      - LoadingState -> PlayState
13:30:01.704 [JavaFX Application Thread] DEBUG GameApplication      - Exiting game application
13:30:01.707 [JavaFX Application Thread] DEBUG GameApplication      - Shutting down background threads
13:30:01.708 [JavaFX Application Thread] DEBUG GameApplication      - Exiting FXGL
13:30:01.709 [JavaFX Application Thread] DEBUG FXGL                 - Saving FXGL system data
13:30:01.717 [JavaFX Application Thread] DEBUG DesktopFSService     - Writing to: system\fxgl.bundle
13:30:01.728 [JavaFX Application Thread] DEBUG GameApplication      - Closing logger and exiting JavaFX
