16:46:01.661 [JavaFX Application Thread] DEBUG GameApplication      - Logger initialized
16:46:01.690 [JavaFX Application Thread] DEBUG MainWindow           - Creating a JavaFX scene
16:46:01.866 [JavaFX Application Thread] DEBUG MainWindow           - Target settings size: 800.0 x 600.0
16:46:01.866 [JavaFX Application Thread] DEBUG MainWindow           - Scaled scene size:    800.0 x 600.0
16:46:01.866 [JavaFX Application Thread] DEBUG MainWindow           - Scaled ratio: (1.0, 1.0)
16:46:01.878 [JavaFX Application Thread] DEBUG GameApplication      - Starting FXGL
16:46:01.885 [JavaFX Application Thread] INFO  FXGL                 - FXGL-0.5.3 on DESKTOP
16:46:01.886 [JavaFX Application Thread] INFO  FXGL                 - Source code and latest versions at: https://github.com/AlmasB/FXGL
16:46:01.887 [JavaFX Application Thread] INFO  FXGL                 -              Join the FXGL chat at: https://gitter.im/AlmasB/FXGL
16:46:01.902 [JavaFX Application Thread] DEBUG FS                   - Loaded DesktopFSService
16:46:01.903 [JavaFX Application Thread] DEBUG FXGL                 - Loading FXGL system data
16:46:01.916 [JavaFX Application Thread] DEBUG DesktopFSService     - Reading from: system\fxgl.bundle
16:46:01.932 [JavaFX Application Thread] DEBUG Bundle               - Logging bundle: FXGL
16:46:01.933 [JavaFX Application Thread] DEBUG Bundle               - FXGL.offline.timer.version.check=2018-08-18T13:31:12.664
16:46:01.994 [JavaFX Application Thread] DEBUG GameApplication      - FXGL started
16:46:01.995 [JavaFX Application Thread] DEBUG GameApplication      - Logging game settings
Title: Pinball App
Version: 0.1
Width: 800
Height: 600
Fullscreen: false
Intro: false
Menus: false
Profiling: false
Single step:false
App Mode: DEVELOPER
Menu Key: ESCAPE
Stage Style: DECORATED
Scene Factory: class com.almasb.fxgl.scene.SceneFactory
Dialog Factory: class com.almasb.fxgl.ui.FXGLDialogFactory
UI Factory: class com.almasb.fxgl.ui.FXGLUIFactory
Notification Service: class com.almasb.fxgl.gameplay.notification.XboxNotificationView
Exception Handler: class com.almasb.fxgl.app.FXGLExceptionHandler
16:46:01.997 [JavaFX Application Thread] DEBUG GameApplication      - Configuring GameApplication
16:46:01.997 [JavaFX Application Thread] DEBUG GameApplication      - Initializing state machine and application states
16:46:02.053 [JavaFX Application Thread] DEBUG AssetLoader          - Loading from disk: /assets/ui/cursors/fxgl_default.png
16:46:02.116 [JavaFX Application Thread] DEBUG AssetLoader          - Loading from disk: /assets/ui/cursors/fxgl_default.png
16:46:02.187 [JavaFX Application Thread] DEBUG FXGLAssets           - Loading FXGLAssets
16:46:02.240 [JavaFX Application Thread] DEBUG AssetLoader          - Loading from disk: /assets/ui/fonts/VarelaRound-Regular.ttf
16:46:02.594 [JavaFX Application Thread] DEBUG AssetLoader          - Loading from disk: /assets/ui/fonts/lucida_console.ttf
16:46:02.600 [JavaFX Application Thread] DEBUG AssetLoader          - Loading from disk: /assets/ui/fonts/Courier-Prime.ttf
16:46:02.605 [JavaFX Application Thread] DEBUG AssetLoader          - Loading from disk: /assets/ui/fonts/Abel-Regular.ttf
16:46:02.609 [JavaFX Application Thread] DEBUG AssetLoader          - Loading from disk: /assets/ui/css/fxgl_dark.css
16:46:02.656 [JavaFX Application Thread] DEBUG AssetLoader          - Loading from disk: /assets/ui/cursors/fxgl_default.png
16:46:02.723 [JavaFX Application Thread] DEBUG AssetLoader          - Loading from disk: /assets/ui/cursors/fxgl_default.png
16:46:02.744 [JavaFX Application Thread] DEBUG GameScene            - Game scene initialized: 800x600
16:46:02.749 [JavaFX Application Thread] DEBUG GameWorld            - Game world initialized
16:46:02.820 [JavaFX Application Thread] DEBUG PhysicsWorld         - Physics world initialized: appHeight=600, physics.ppm=50,0
16:46:02.850 [JavaFX Application Thread] DEBUG Input                - Registered new binding: Pause - Esc
16:46:02.870 [JavaFX Application Thread] DEBUG Input                - Clearing active input actions
16:46:02.918 [JavaFX Application Thread] DEBUG AppStateMachine      - StartupState -> StartupState
16:46:02.922 [JavaFX Application Thread] INFO  GameApplication      - Game configuration took:  0,925 sec
16:46:02.924 [JavaFX Application Thread] DEBUG AssetLoader          - Loading from disk: /assets/textures/fxgl_icon.png
16:46:02.937 [JavaFX Application Thread] DEBUG MainWindow           - Opening main window
16:46:03.088 [JavaFX Application Thread] DEBUG MainWindow           - Window border size: (6.0, 29.0)
16:46:03.088 [JavaFX Application Thread] DEBUG MainWindow           - Scaled size: 800.0 x 600.0
16:46:03.088 [JavaFX Application Thread] DEBUG MainWindow           - Scaled ratio: (1.0, 1.0)
16:46:03.089 [JavaFX Application Thread] DEBUG MainWindow           - Scene size: 800.0 x 600.0
16:46:03.089 [JavaFX Application Thread] DEBUG MainWindow           - Stage size: 806.0 x 629.0
16:46:03.089 [JavaFX Application Thread] DEBUG GameApplication      - Running preInit()
16:46:03.092 [JavaFX Application Thread] DEBUG Input                - Registered new binding: Screenshot - P
16:46:03.093 [JavaFX Application Thread] DEBUG Input                - Registered new binding: Dev Options - CTRL+0
16:46:03.093 [JavaFX Application Thread] DEBUG Input                - Registered new binding: System info dump - CTRL+9
16:46:03.094 [JavaFX Application Thread] DEBUG Input                - Registered new binding: Restart - CTRL+R
16:46:03.094 [JavaFX Application Thread] DEBUG Input                - Registered new binding: Left Spin - A
16:46:03.094 [JavaFX Application Thread] DEBUG Input                - Registered new binding: Right Spin - D
16:46:03.094 [JavaFX Application Thread] DEBUG Input                - Registered new binding: New Ball - Space
16:46:03.094 [JavaFX Application Thread] DEBUG Input                - Registered new binding: New Game - N
16:46:03.150 [JavaFX Application Thread] DEBUG GameApplication      - Starting main loop
16:46:03.154 [JavaFX Application Thread] DEBUG StartupState         - STARTUP
16:46:03.155 [JavaFX Application Thread] DEBUG GameApplication      - Starting new game
16:46:03.155 [JavaFX Application Thread] DEBUG Input                - Clearing active input actions
16:46:03.173 [JavaFX Application Thread] DEBUG AppStateMachine      - StartupState -> LoadingState
16:46:03.180 [FXGL Background Thread 1 ] DEBUG InitAppTask          - Clearing previous game
16:46:03.181 [FXGL Background Thread 1 ] DEBUG GameWorld            - Clearing game world
16:46:03.182 [FXGL Background Thread 1 ] DEBUG PhysicsWorld         - Clearing physics world
16:46:03.189 [FXGL Background Thread 1 ] DEBUG GameScene            - Clearing game scene
16:46:03.200 [FXGL Background Thread 1 ] DEBUG InitAppTask          - Initializing Game
16:46:03.358 [FXGL Background Thread 1 ] DEBUG GameScene            - Creating render group for layer: BACKGROUND(1000)
16:46:03.458 [FXGL Background Thread 1 ] DEBUG GameScene            - Creating render group for layer: DEFAULT(100000)
16:46:03.461 [FXGL Background Thread 1 ] DEBUG InitAppTask          - Initializing Physics
16:46:03.462 [FXGL Background Thread 1 ] DEBUG InitAppTask          - Initializing UI
16:46:03.464 [FXGL Background Thread 1 ] DEBUG InitAppTask          - Initialization Complete
16:46:03.464 [FXGL Background Thread 1 ] INFO  InitAppTask          - Game initialization took: 0,284 sec
16:46:03.472 [JavaFX Application Thread] DEBUG Input                - Clearing active input actions
16:46:03.486 [JavaFX Application Thread] DEBUG AppStateMachine      - LoadingState -> PlayState
16:47:07.044 [JavaFX Application Thread] DEBUG GameApplication      - Exiting game application
16:47:07.046 [JavaFX Application Thread] DEBUG GameApplication      - Shutting down background threads
16:47:07.047 [JavaFX Application Thread] DEBUG GameApplication      - Exiting FXGL
16:47:07.048 [JavaFX Application Thread] DEBUG FXGL                 - Saving FXGL system data
16:47:07.056 [JavaFX Application Thread] DEBUG DesktopFSService     - Writing to: system\fxgl.bundle
16:47:07.067 [JavaFX Application Thread] DEBUG GameApplication      - Closing logger and exiting JavaFX
