14:36:34.153 [JavaFX Application Thread] DEBUG GameApplication      - Logger initialized
14:36:34.189 [JavaFX Application Thread] DEBUG MainWindow           - Creating a JavaFX scene
14:36:34.408 [JavaFX Application Thread] DEBUG MainWindow           - Target settings size: 800.0 x 600.0
14:36:34.408 [JavaFX Application Thread] DEBUG MainWindow           - Scaled scene size:    800.0 x 600.0
14:36:34.409 [JavaFX Application Thread] DEBUG MainWindow           - Scaled ratio: (1.0, 1.0)
14:36:34.422 [JavaFX Application Thread] DEBUG GameApplication      - Starting FXGL
14:36:34.428 [JavaFX Application Thread] INFO  FXGL                 - FXGL-0.5.3 on DESKTOP
14:36:34.429 [JavaFX Application Thread] INFO  FXGL                 - Source code and latest versions at: https://github.com/AlmasB/FXGL
14:36:34.429 [JavaFX Application Thread] INFO  FXGL                 -              Join the FXGL chat at: https://gitter.im/AlmasB/FXGL
14:36:34.444 [JavaFX Application Thread] DEBUG FS                   - Loaded DesktopFSService
14:36:34.445 [JavaFX Application Thread] DEBUG FXGL                 - Loading FXGL system data
14:36:34.457 [JavaFX Application Thread] DEBUG DesktopFSService     - Reading from: system\fxgl.bundle
14:36:34.472 [JavaFX Application Thread] DEBUG Bundle               - Logging bundle: FXGL
14:36:34.473 [JavaFX Application Thread] DEBUG Bundle               - FXGL.offline.timer.version.check=2018-08-18T13:31:12.664
14:36:34.549 [JavaFX Application Thread] DEBUG GameApplication      - FXGL started
14:36:34.551 [JavaFX Application Thread] DEBUG GameApplication      - Logging game settings
Title: Pinball App
Version: 0.1
Width: 800
Height: 600
Fullscreen: false
Intro: false
Menus: false
Profiling: false
Single step:false
App Mode: DEVELOPER
Menu Key: ESCAPE
Stage Style: DECORATED
Scene Factory: class com.almasb.fxgl.scene.SceneFactory
Dialog Factory: class com.almasb.fxgl.ui.FXGLDialogFactory
UI Factory: class com.almasb.fxgl.ui.FXGLUIFactory
Notification Service: class com.almasb.fxgl.gameplay.notification.XboxNotificationView
Exception Handler: class com.almasb.fxgl.app.FXGLExceptionHandler
14:36:34.557 [JavaFX Application Thread] DEBUG GameApplication      - Configuring GameApplication
14:36:34.558 [JavaFX Application Thread] DEBUG GameApplication      - Initializing state machine and application states
14:36:34.609 [JavaFX Application Thread] DEBUG AssetLoader          - Loading from disk: /assets/ui/cursors/fxgl_default.png
14:36:34.653 [JavaFX Application Thread] DEBUG AssetLoader          - Loading from disk: /assets/ui/cursors/fxgl_default.png
14:36:34.689 [JavaFX Application Thread] DEBUG FXGLAssets           - Loading FXGLAssets
14:36:34.755 [JavaFX Application Thread] DEBUG AssetLoader          - Loading from disk: /assets/ui/fonts/VarelaRound-Regular.ttf
14:36:35.268 [JavaFX Application Thread] DEBUG AssetLoader          - Loading from disk: /assets/ui/fonts/lucida_console.ttf
14:36:35.273 [JavaFX Application Thread] DEBUG AssetLoader          - Loading from disk: /assets/ui/fonts/Courier-Prime.ttf
14:36:35.278 [JavaFX Application Thread] DEBUG AssetLoader          - Loading from disk: /assets/ui/fonts/Abel-Regular.ttf
14:36:35.282 [JavaFX Application Thread] DEBUG AssetLoader          - Loading from disk: /assets/ui/css/fxgl_dark.css
14:36:35.348 [JavaFX Application Thread] DEBUG AssetLoader          - Loading from disk: /assets/ui/cursors/fxgl_default.png
14:36:35.425 [JavaFX Application Thread] DEBUG AssetLoader          - Loading from disk: /assets/ui/cursors/fxgl_default.png
14:36:35.449 [JavaFX Application Thread] DEBUG GameScene            - Game scene initialized: 800x600
14:36:35.455 [JavaFX Application Thread] DEBUG GameWorld            - Game world initialized
14:36:35.531 [JavaFX Application Thread] DEBUG PhysicsWorld         - Physics world initialized: appHeight=600, physics.ppm=50,0
14:36:35.602 [JavaFX Application Thread] DEBUG Input                - Registered new binding: Pause - Esc
14:36:35.628 [JavaFX Application Thread] DEBUG Input                - Clearing active input actions
14:36:35.699 [JavaFX Application Thread] DEBUG AppStateMachine      - StartupState -> StartupState
14:36:35.705 [JavaFX Application Thread] INFO  GameApplication      - Game configuration took:  1,147 sec
14:36:35.708 [JavaFX Application Thread] DEBUG AssetLoader          - Loading from disk: /assets/textures/fxgl_icon.png
14:36:35.790 [JavaFX Application Thread] DEBUG MainWindow           - Opening main window
14:36:35.958 [JavaFX Application Thread] DEBUG MainWindow           - Window border size: (6.0, 29.0)
14:36:35.959 [JavaFX Application Thread] DEBUG MainWindow           - Scaled size: 800.0 x 600.0
14:36:35.959 [JavaFX Application Thread] DEBUG MainWindow           - Scaled ratio: (1.0, 1.0)
14:36:35.959 [JavaFX Application Thread] DEBUG MainWindow           - Scene size: 800.0 x 600.0
14:36:35.959 [JavaFX Application Thread] DEBUG MainWindow           - Stage size: 806.0 x 629.0
14:36:35.959 [JavaFX Application Thread] DEBUG GameApplication      - Running preInit()
14:36:35.962 [JavaFX Application Thread] DEBUG Input                - Registered new binding: Screenshot - P
14:36:35.963 [JavaFX Application Thread] DEBUG Input                - Registered new binding: Dev Options - CTRL+0
14:36:35.964 [JavaFX Application Thread] DEBUG Input                - Registered new binding: System info dump - CTRL+9
14:36:35.964 [JavaFX Application Thread] DEBUG Input                - Registered new binding: Restart - CTRL+R
14:36:35.965 [JavaFX Application Thread] DEBUG Input                - Registered new binding: Left Spin - A
14:36:35.965 [JavaFX Application Thread] DEBUG Input                - Registered new binding: Right Spin - D
14:36:35.966 [JavaFX Application Thread] DEBUG Input                - Registered new binding: New Ball - Space
14:36:35.967 [JavaFX Application Thread] DEBUG Input                - Registered new binding: New Game - N
14:36:36.016 [JavaFX Application Thread] DEBUG GameApplication      - Starting main loop
14:36:36.026 [JavaFX Application Thread] DEBUG StartupState         - STARTUP
14:36:36.026 [JavaFX Application Thread] DEBUG GameApplication      - Starting new game
14:36:36.026 [JavaFX Application Thread] DEBUG Input                - Clearing active input actions
14:36:36.036 [JavaFX Application Thread] DEBUG AppStateMachine      - StartupState -> LoadingState
14:36:36.045 [FXGL Background Thread 1 ] DEBUG InitAppTask          - Clearing previous game
14:36:36.045 [FXGL Background Thread 1 ] DEBUG GameWorld            - Clearing game world
14:36:36.045 [FXGL Background Thread 1 ] DEBUG PhysicsWorld         - Clearing physics world
14:36:36.048 [FXGL Background Thread 1 ] DEBUG GameScene            - Clearing game scene
14:36:36.049 [FXGL Background Thread 1 ] DEBUG InitAppTask          - Initializing Game
14:36:36.143 [FXGL Background Thread 1 ] DEBUG GameScene            - Creating render group for layer: BACKGROUND(1000)
14:36:36.219 [FXGL Background Thread 1 ] DEBUG GameScene            - Creating render group for layer: DEFAULT(100000)
14:36:36.222 [FXGL Background Thread 1 ] DEBUG InitAppTask          - Initializing Physics
14:36:36.223 [FXGL Background Thread 1 ] DEBUG InitAppTask          - Initializing UI
14:36:36.225 [FXGL Background Thread 1 ] DEBUG InitAppTask          - Initialization Complete
14:36:36.225 [FXGL Background Thread 1 ] INFO  InitAppTask          - Game initialization took: 0,180 sec
14:36:36.231 [JavaFX Application Thread] DEBUG Input                - Clearing active input actions
14:36:36.241 [JavaFX Application Thread] DEBUG AppStateMachine      - LoadingState -> PlayState
14:36:44.459 [JavaFX Application Thread] DEBUG GameApplication      - Exiting game application
14:36:44.461 [JavaFX Application Thread] DEBUG GameApplication      - Shutting down background threads
14:36:44.462 [JavaFX Application Thread] DEBUG GameApplication      - Exiting FXGL
14:36:44.463 [JavaFX Application Thread] DEBUG FXGL                 - Saving FXGL system data
14:36:44.473 [JavaFX Application Thread] DEBUG DesktopFSService     - Writing to: system\fxgl.bundle
14:36:44.485 [JavaFX Application Thread] DEBUG GameApplication      - Closing logger and exiting JavaFX
