13:30:25.527 [JavaFX Application Thread] DEBUG GameApplication      - Logger initialized
13:30:25.562 [JavaFX Application Thread] DEBUG MainWindow           - Creating a JavaFX scene
13:30:25.738 [JavaFX Application Thread] DEBUG MainWindow           - Target settings size: 800.0 x 600.0
13:30:25.739 [JavaFX Application Thread] DEBUG MainWindow           - Scaled scene size:    800.0 x 600.0
13:30:25.740 [JavaFX Application Thread] DEBUG MainWindow           - Scaled ratio: (1.0, 1.0)
13:30:25.751 [JavaFX Application Thread] DEBUG GameApplication      - Starting FXGL
13:30:25.756 [JavaFX Application Thread] INFO  FXGL                 - FXGL-0.5.3 on DESKTOP
13:30:25.757 [JavaFX Application Thread] INFO  FXGL                 - Source code and latest versions at: https://github.com/AlmasB/FXGL
13:30:25.758 [JavaFX Application Thread] INFO  FXGL                 -              Join the FXGL chat at: https://gitter.im/AlmasB/FXGL
13:30:25.775 [JavaFX Application Thread] DEBUG FS                   - Loaded DesktopFSService
13:30:25.777 [JavaFX Application Thread] DEBUG FXGL                 - Loading FXGL system data
13:30:25.792 [JavaFX Application Thread] DEBUG DesktopFSService     - Reading from: system\fxgl.bundle
13:30:25.812 [JavaFX Application Thread] DEBUG Bundle               - Logging bundle: FXGL
13:30:25.813 [JavaFX Application Thread] DEBUG Bundle               - FXGL.offline.timer.version.check=2018-08-18T13:31:12.664
13:30:25.890 [JavaFX Application Thread] DEBUG GameApplication      - FXGL started
13:30:25.893 [JavaFX Application Thread] DEBUG GameApplication      - Logging game settings
Title: Pinball App
Version: 0.1
Width: 800
Height: 600
Fullscreen: false
Intro: false
Menus: false
Profiling: false
Single step:false
App Mode: DEVELOPER
Menu Key: ESCAPE
Stage Style: DECORATED
Scene Factory: class com.almasb.fxgl.scene.SceneFactory
Dialog Factory: class com.almasb.fxgl.ui.FXGLDialogFactory
UI Factory: class com.almasb.fxgl.ui.FXGLUIFactory
Notification Service: class com.almasb.fxgl.gameplay.notification.XboxNotificationView
Exception Handler: class com.almasb.fxgl.app.FXGLExceptionHandler
13:30:25.897 [JavaFX Application Thread] DEBUG GameApplication      - Configuring GameApplication
13:30:25.898 [JavaFX Application Thread] DEBUG GameApplication      - Initializing state machine and application states
13:30:25.949 [JavaFX Application Thread] DEBUG AssetLoader          - Loading from disk: /assets/ui/cursors/fxgl_default.png
13:30:25.999 [JavaFX Application Thread] DEBUG AssetLoader          - Loading from disk: /assets/ui/cursors/fxgl_default.png
13:30:26.052 [JavaFX Application Thread] DEBUG FXGLAssets           - Loading FXGLAssets
13:30:26.207 [JavaFX Application Thread] DEBUG AssetLoader          - Loading from disk: /assets/ui/fonts/VarelaRound-Regular.ttf
13:30:26.742 [JavaFX Application Thread] DEBUG AssetLoader          - Loading from disk: /assets/ui/fonts/lucida_console.ttf
13:30:26.747 [JavaFX Application Thread] DEBUG AssetLoader          - Loading from disk: /assets/ui/fonts/Courier-Prime.ttf
13:30:26.751 [JavaFX Application Thread] DEBUG AssetLoader          - Loading from disk: /assets/ui/fonts/Abel-Regular.ttf
13:30:26.754 [JavaFX Application Thread] DEBUG AssetLoader          - Loading from disk: /assets/ui/css/fxgl_dark.css
13:30:26.803 [JavaFX Application Thread] DEBUG AssetLoader          - Loading from disk: /assets/ui/cursors/fxgl_default.png
13:30:26.873 [JavaFX Application Thread] DEBUG AssetLoader          - Loading from disk: /assets/ui/cursors/fxgl_default.png
13:30:26.896 [JavaFX Application Thread] DEBUG GameScene            - Game scene initialized: 800x600
13:30:26.901 [JavaFX Application Thread] DEBUG GameWorld            - Game world initialized
13:30:26.969 [JavaFX Application Thread] DEBUG PhysicsWorld         - Physics world initialized: appHeight=600, physics.ppm=50,0
13:30:27.007 [JavaFX Application Thread] DEBUG Input                - Registered new binding: Pause - Esc
13:30:27.028 [JavaFX Application Thread] DEBUG Input                - Clearing active input actions
13:30:27.082 [JavaFX Application Thread] DEBUG AppStateMachine      - StartupState -> StartupState
13:30:27.087 [JavaFX Application Thread] INFO  GameApplication      - Game configuration took:  1,189 sec
13:30:27.089 [JavaFX Application Thread] DEBUG AssetLoader          - Loading from disk: /assets/textures/fxgl_icon.png
13:30:27.106 [JavaFX Application Thread] DEBUG MainWindow           - Opening main window
13:30:27.273 [JavaFX Application Thread] DEBUG MainWindow           - Window border size: (6.0, 29.0)
13:30:27.273 [JavaFX Application Thread] DEBUG MainWindow           - Scaled size: 800.0 x 600.0
13:30:27.274 [JavaFX Application Thread] DEBUG MainWindow           - Scaled ratio: (1.0, 1.0)
13:30:27.274 [JavaFX Application Thread] DEBUG MainWindow           - Scene size: 800.0 x 600.0
13:30:27.274 [JavaFX Application Thread] DEBUG MainWindow           - Stage size: 806.0 x 629.0
13:30:27.274 [JavaFX Application Thread] DEBUG GameApplication      - Running preInit()
13:30:27.276 [JavaFX Application Thread] DEBUG Input                - Registered new binding: Screenshot - P
13:30:27.277 [JavaFX Application Thread] DEBUG Input                - Registered new binding: Dev Options - CTRL+0
13:30:27.278 [JavaFX Application Thread] DEBUG Input                - Registered new binding: System info dump - CTRL+9
13:30:27.278 [JavaFX Application Thread] DEBUG Input                - Registered new binding: Restart - CTRL+R
13:30:27.279 [JavaFX Application Thread] DEBUG Input                - Registered new binding: Left Spin - A
13:30:27.279 [JavaFX Application Thread] DEBUG Input                - Registered new binding: Right Spin - D
13:30:27.279 [JavaFX Application Thread] DEBUG Input                - Registered new binding: New Ball - Space
13:30:27.279 [JavaFX Application Thread] DEBUG Input                - Registered new binding: New Game - N
13:30:27.323 [JavaFX Application Thread] DEBUG GameApplication      - Starting main loop
13:30:27.326 [JavaFX Application Thread] DEBUG StartupState         - STARTUP
13:30:27.326 [JavaFX Application Thread] DEBUG GameApplication      - Starting new game
13:30:27.326 [JavaFX Application Thread] DEBUG Input                - Clearing active input actions
13:30:27.336 [JavaFX Application Thread] DEBUG AppStateMachine      - StartupState -> LoadingState
13:30:27.343 [FXGL Background Thread 1 ] DEBUG InitAppTask          - Clearing previous game
13:30:27.343 [FXGL Background Thread 1 ] DEBUG GameWorld            - Clearing game world
13:30:27.343 [FXGL Background Thread 1 ] DEBUG PhysicsWorld         - Clearing physics world
13:30:27.343 [FXGL Background Thread 1 ] DEBUG GameScene            - Clearing game scene
13:30:27.345 [FXGL Background Thread 1 ] DEBUG InitAppTask          - Initializing Game
13:30:27.436 [FXGL Background Thread 1 ] DEBUG GameScene            - Creating render group for layer: BACKGROUND(1000)
13:30:27.496 [FXGL Background Thread 1 ] DEBUG GameScene            - Creating render group for layer: DEFAULT(100000)
13:30:27.498 [FXGL Background Thread 1 ] DEBUG InitAppTask          - Initializing Physics
13:30:27.500 [FXGL Background Thread 1 ] DEBUG InitAppTask          - Initializing UI
13:30:27.502 [FXGL Background Thread 1 ] DEBUG InitAppTask          - Initialization Complete
13:30:27.502 [FXGL Background Thread 1 ] INFO  InitAppTask          - Game initialization took: 0,159 sec
13:30:27.505 [JavaFX Application Thread] DEBUG Input                - Clearing active input actions
13:30:27.515 [JavaFX Application Thread] DEBUG AppStateMachine      - LoadingState -> PlayState
13:31:30.219 [JavaFX Application Thread] DEBUG GameApplication      - Exiting game application
13:31:30.222 [JavaFX Application Thread] DEBUG GameApplication      - Shutting down background threads
13:31:30.223 [JavaFX Application Thread] DEBUG GameApplication      - Exiting FXGL
13:31:30.223 [JavaFX Application Thread] DEBUG FXGL                 - Saving FXGL system data
13:31:30.232 [JavaFX Application Thread] DEBUG DesktopFSService     - Writing to: system\fxgl.bundle
13:31:30.244 [JavaFX Application Thread] DEBUG GameApplication      - Closing logger and exiting JavaFX
