13:13:57.495 [JavaFX Application Thread] DEBUG GameApplication      - Logger initialized
13:13:57.553 [JavaFX Application Thread] DEBUG MainWindow           - Creating a JavaFX scene
13:13:57.803 [JavaFX Application Thread] DEBUG MainWindow           - Target settings size: 800.0 x 600.0
13:13:57.803 [JavaFX Application Thread] DEBUG MainWindow           - Scaled scene size:    800.0 x 600.0
13:13:57.804 [JavaFX Application Thread] DEBUG MainWindow           - Scaled ratio: (1.0, 1.0)
13:13:57.818 [JavaFX Application Thread] DEBUG GameApplication      - Starting FXGL
13:13:57.827 [JavaFX Application Thread] INFO  FXGL                 - FXGL-0.5.3 on DESKTOP
13:13:57.829 [JavaFX Application Thread] INFO  FXGL                 - Source code and latest versions at: https://github.com/AlmasB/FXGL
13:13:57.829 [JavaFX Application Thread] INFO  FXGL                 -              Join the FXGL chat at: https://gitter.im/AlmasB/FXGL
13:13:57.846 [JavaFX Application Thread] DEBUG FS                   - Loaded DesktopFSService
13:13:57.848 [JavaFX Application Thread] DEBUG FXGL                 - Loading FXGL system data
13:13:57.869 [JavaFX Application Thread] DEBUG DesktopFSService     - Reading from: system\fxgl.bundle
13:13:57.894 [JavaFX Application Thread] DEBUG Bundle               - Logging bundle: FXGL
13:13:57.895 [JavaFX Application Thread] DEBUG Bundle               - FXGL.offline.timer.version.check=2018-08-18T13:31:12.664
13:13:57.969 [JavaFX Application Thread] DEBUG GameApplication      - FXGL started
13:13:57.970 [JavaFX Application Thread] DEBUG GameApplication      - Logging game settings
Title: Pinball App
Version: 0.1
Width: 800
Height: 600
Fullscreen: false
Intro: false
Menus: false
Profiling: false
Single step:false
App Mode: DEVELOPER
Menu Key: ESCAPE
Stage Style: DECORATED
Scene Factory: class com.almasb.fxgl.scene.SceneFactory
Dialog Factory: class com.almasb.fxgl.ui.FXGLDialogFactory
UI Factory: class com.almasb.fxgl.ui.FXGLUIFactory
Notification Service: class com.almasb.fxgl.gameplay.notification.XboxNotificationView
Exception Handler: class com.almasb.fxgl.app.FXGLExceptionHandler
13:13:57.972 [JavaFX Application Thread] DEBUG GameApplication      - Configuring GameApplication
13:13:57.972 [JavaFX Application Thread] DEBUG GameApplication      - Initializing state machine and application states
13:13:58.043 [JavaFX Application Thread] DEBUG AssetLoader          - Loading from disk: /assets/ui/cursors/fxgl_default.png
13:13:58.112 [JavaFX Application Thread] DEBUG AssetLoader          - Loading from disk: /assets/ui/cursors/fxgl_default.png
13:13:58.168 [JavaFX Application Thread] DEBUG FXGLAssets           - Loading FXGLAssets
13:13:58.255 [JavaFX Application Thread] DEBUG AssetLoader          - Loading from disk: /assets/ui/fonts/VarelaRound-Regular.ttf
13:13:59.085 [JavaFX Application Thread] DEBUG AssetLoader          - Loading from disk: /assets/ui/fonts/lucida_console.ttf
13:13:59.183 [JavaFX Application Thread] DEBUG AssetLoader          - Loading from disk: /assets/ui/fonts/Courier-Prime.ttf
13:13:59.190 [JavaFX Application Thread] DEBUG AssetLoader          - Loading from disk: /assets/ui/fonts/Abel-Regular.ttf
13:13:59.197 [JavaFX Application Thread] DEBUG AssetLoader          - Loading from disk: /assets/ui/css/fxgl_dark.css
13:13:59.369 [JavaFX Application Thread] DEBUG AssetLoader          - Loading from disk: /assets/ui/cursors/fxgl_default.png
13:13:59.574 [JavaFX Application Thread] DEBUG AssetLoader          - Loading from disk: /assets/ui/cursors/fxgl_default.png
13:13:59.669 [JavaFX Application Thread] DEBUG GameScene            - Game scene initialized: 800x600
13:13:59.679 [JavaFX Application Thread] DEBUG GameWorld            - Game world initialized
13:13:59.891 [JavaFX Application Thread] DEBUG PhysicsWorld         - Physics world initialized: appHeight=600, physics.ppm=50,0
13:13:59.978 [JavaFX Application Thread] DEBUG Input                - Registered new binding: Pause - Esc
13:14:00.008 [JavaFX Application Thread] DEBUG Input                - Clearing active input actions
13:14:00.103 [JavaFX Application Thread] DEBUG AppStateMachine      - StartupState -> StartupState
13:14:00.110 [JavaFX Application Thread] INFO  GameApplication      - Game configuration took:  2,138 sec
13:14:00.113 [JavaFX Application Thread] DEBUG AssetLoader          - Loading from disk: /assets/textures/fxgl_icon.png
13:14:00.152 [JavaFX Application Thread] DEBUG MainWindow           - Opening main window
13:14:00.404 [JavaFX Application Thread] DEBUG MainWindow           - Window border size: (6.0, 29.0)
13:14:00.404 [JavaFX Application Thread] DEBUG MainWindow           - Scaled size: 800.0 x 600.0
13:14:00.404 [JavaFX Application Thread] DEBUG MainWindow           - Scaled ratio: (1.0, 1.0)
13:14:00.405 [JavaFX Application Thread] DEBUG MainWindow           - Scene size: 800.0 x 600.0
13:14:00.405 [JavaFX Application Thread] DEBUG MainWindow           - Stage size: 806.0 x 629.0
13:14:00.405 [JavaFX Application Thread] DEBUG GameApplication      - Running preInit()
13:14:00.408 [JavaFX Application Thread] DEBUG Input                - Registered new binding: Screenshot - P
13:14:00.408 [JavaFX Application Thread] DEBUG Input                - Registered new binding: Dev Options - CTRL+0
13:14:00.409 [JavaFX Application Thread] DEBUG Input                - Registered new binding: System info dump - CTRL+9
13:14:00.409 [JavaFX Application Thread] DEBUG Input                - Registered new binding: Restart - CTRL+R
13:14:00.410 [JavaFX Application Thread] DEBUG Input                - Registered new binding: Left Spin - A
13:14:00.410 [JavaFX Application Thread] DEBUG Input                - Registered new binding: Right Spin - D
13:14:00.410 [JavaFX Application Thread] DEBUG Input                - Registered new binding: New Ball - Space
13:14:00.410 [JavaFX Application Thread] DEBUG Input                - Registered new binding: New Game - N
13:14:00.464 [JavaFX Application Thread] DEBUG GameApplication      - Starting main loop
13:14:00.466 [JavaFX Application Thread] DEBUG StartupState         - STARTUP
13:14:00.466 [JavaFX Application Thread] DEBUG GameApplication      - Starting new game
13:14:00.467 [JavaFX Application Thread] DEBUG Input                - Clearing active input actions
13:14:00.476 [JavaFX Application Thread] DEBUG AppStateMachine      - StartupState -> LoadingState
13:14:00.489 [FXGL Background Thread 1 ] DEBUG InitAppTask          - Clearing previous game
13:14:00.489 [FXGL Background Thread 1 ] DEBUG GameWorld            - Clearing game world
13:14:00.489 [FXGL Background Thread 1 ] DEBUG PhysicsWorld         - Clearing physics world
13:14:00.489 [FXGL Background Thread 1 ] DEBUG GameScene            - Clearing game scene
13:14:00.501 [FXGL Background Thread 1 ] DEBUG InitAppTask          - Initializing Game
13:14:00.586 [FXGL Background Thread 1 ] DEBUG GameScene            - Creating render group for layer: BACKGROUND(1000)
13:14:00.678 [FXGL Background Thread 1 ] DEBUG GameScene            - Creating render group for layer: DEFAULT(100000)
13:14:00.680 [FXGL Background Thread 1 ] DEBUG InitAppTask          - Initializing Physics
13:14:00.681 [FXGL Background Thread 1 ] DEBUG InitAppTask          - Initializing UI
13:14:00.683 [FXGL Background Thread 1 ] DEBUG InitAppTask          - Initialization Complete
13:14:00.684 [FXGL Background Thread 1 ] INFO  InitAppTask          - Game initialization took: 0,195 sec
13:14:00.690 [JavaFX Application Thread] DEBUG Input                - Clearing active input actions
13:14:00.701 [JavaFX Application Thread] DEBUG AppStateMachine      - LoadingState -> PlayState
13:14:28.902 [JavaFX Application Thread] DEBUG GameApplication      - Exiting game application
13:14:28.904 [JavaFX Application Thread] DEBUG GameApplication      - Shutting down background threads
13:14:28.906 [JavaFX Application Thread] DEBUG GameApplication      - Exiting FXGL
13:14:28.907 [JavaFX Application Thread] DEBUG FXGL                 - Saving FXGL system data
13:14:28.915 [JavaFX Application Thread] DEBUG DesktopFSService     - Writing to: system\fxgl.bundle
13:14:28.926 [JavaFX Application Thread] DEBUG GameApplication      - Closing logger and exiting JavaFX
