14:51:08.251 [JavaFX Application Thread] DEBUG GameApplication      - Logger initialized
14:51:08.270 [JavaFX Application Thread] DEBUG MainWindow           - Creating a JavaFX scene
14:51:08.375 [JavaFX Application Thread] DEBUG MainWindow           - Target settings size: 800.0 x 600.0
14:51:08.375 [JavaFX Application Thread] DEBUG MainWindow           - Scaled scene size:    800.0 x 600.0
14:51:08.376 [JavaFX Application Thread] DEBUG MainWindow           - Scaled ratio: (1.0, 1.0)
14:51:08.384 [JavaFX Application Thread] DEBUG GameApplication      - Starting FXGL
14:51:08.388 [JavaFX Application Thread] INFO  FXGL                 - FXGL-0.5.3 on DESKTOP
14:51:08.389 [JavaFX Application Thread] INFO  FXGL                 - Source code and latest versions at: https://github.com/AlmasB/FXGL
14:51:08.389 [JavaFX Application Thread] INFO  FXGL                 -              Join the FXGL chat at: https://gitter.im/AlmasB/FXGL
14:51:08.399 [JavaFX Application Thread] DEBUG FS                   - Loaded DesktopFSService
14:51:08.400 [JavaFX Application Thread] DEBUG FXGL                 - Loading FXGL system data
14:51:08.408 [JavaFX Application Thread] DEBUG DesktopFSService     - Reading from: system\fxgl.bundle
14:51:08.416 [JavaFX Application Thread] DEBUG Bundle               - Logging bundle: FXGL
14:51:08.417 [JavaFX Application Thread] DEBUG Bundle               - FXGL.offline.timer.version.check=2018-08-18T13:31:12.664
14:51:08.465 [JavaFX Application Thread] DEBUG GameApplication      - FXGL started
14:51:08.467 [JavaFX Application Thread] DEBUG GameApplication      - Logging game settings
Title: Pinball App
Version: 0.1
Width: 800
Height: 600
Fullscreen: false
Intro: false
Menus: false
Profiling: false
Single step:false
App Mode: DEVELOPER
Menu Key: ESCAPE
Stage Style: DECORATED
Scene Factory: class com.almasb.fxgl.scene.SceneFactory
Dialog Factory: class com.almasb.fxgl.ui.FXGLDialogFactory
UI Factory: class com.almasb.fxgl.ui.FXGLUIFactory
Notification Service: class com.almasb.fxgl.gameplay.notification.XboxNotificationView
Exception Handler: class com.almasb.fxgl.app.FXGLExceptionHandler
14:51:08.470 [JavaFX Application Thread] DEBUG GameApplication      - Configuring GameApplication
14:51:08.471 [JavaFX Application Thread] DEBUG GameApplication      - Initializing state machine and application states
14:51:08.511 [JavaFX Application Thread] DEBUG AssetLoader          - Loading from disk: /assets/ui/cursors/fxgl_default.png
14:51:08.539 [JavaFX Application Thread] DEBUG AssetLoader          - Loading from disk: /assets/ui/cursors/fxgl_default.png
14:51:08.568 [JavaFX Application Thread] DEBUG FXGLAssets           - Loading FXGLAssets
14:51:08.625 [JavaFX Application Thread] DEBUG AssetLoader          - Loading from disk: /assets/ui/fonts/VarelaRound-Regular.ttf
14:51:08.995 [JavaFX Application Thread] DEBUG AssetLoader          - Loading from disk: /assets/ui/fonts/lucida_console.ttf
14:51:09.007 [JavaFX Application Thread] DEBUG AssetLoader          - Loading from disk: /assets/ui/fonts/Courier-Prime.ttf
14:51:09.043 [JavaFX Application Thread] DEBUG AssetLoader          - Loading from disk: /assets/ui/fonts/Abel-Regular.ttf
14:51:09.051 [JavaFX Application Thread] DEBUG AssetLoader          - Loading from disk: /assets/ui/css/fxgl_dark.css
14:51:09.098 [JavaFX Application Thread] DEBUG AssetLoader          - Loading from disk: /assets/ui/cursors/fxgl_default.png
14:51:09.208 [JavaFX Application Thread] DEBUG AssetLoader          - Loading from disk: /assets/ui/cursors/fxgl_default.png
14:51:09.239 [JavaFX Application Thread] DEBUG GameScene            - Game scene initialized: 800x600
14:51:09.250 [JavaFX Application Thread] DEBUG GameWorld            - Game world initialized
14:51:09.326 [JavaFX Application Thread] DEBUG PhysicsWorld         - Physics world initialized: appHeight=600, physics.ppm=50,0
14:51:09.360 [JavaFX Application Thread] DEBUG Input                - Registered new binding: Pause - Esc
14:51:09.406 [JavaFX Application Thread] DEBUG Input                - Clearing active input actions
14:51:09.493 [JavaFX Application Thread] DEBUG AppStateMachine      - StartupState -> StartupState
14:51:09.500 [JavaFX Application Thread] INFO  GameApplication      - Game configuration took:  1,029 sec
14:51:09.505 [JavaFX Application Thread] DEBUG AssetLoader          - Loading from disk: /assets/textures/fxgl_icon.png
14:51:09.524 [JavaFX Application Thread] DEBUG MainWindow           - Opening main window
14:51:09.702 [JavaFX Application Thread] DEBUG MainWindow           - Window border size: (6.0, 29.0)
14:51:09.703 [JavaFX Application Thread] DEBUG MainWindow           - Scaled size: 800.0 x 600.0
14:51:09.703 [JavaFX Application Thread] DEBUG MainWindow           - Scaled ratio: (1.0, 1.0)
14:51:09.703 [JavaFX Application Thread] DEBUG MainWindow           - Scene size: 800.0 x 600.0
14:51:09.703 [JavaFX Application Thread] DEBUG MainWindow           - Stage size: 806.0 x 629.0
14:51:09.703 [JavaFX Application Thread] DEBUG GameApplication      - Running preInit()
14:51:09.706 [JavaFX Application Thread] DEBUG Input                - Registered new binding: Screenshot - P
14:51:09.706 [JavaFX Application Thread] DEBUG Input                - Registered new binding: Dev Options - CTRL+0
14:51:09.707 [JavaFX Application Thread] DEBUG Input                - Registered new binding: System info dump - CTRL+9
14:51:09.708 [JavaFX Application Thread] DEBUG Input                - Registered new binding: Restart - CTRL+R
14:51:09.708 [JavaFX Application Thread] DEBUG Input                - Registered new binding: Left Spin - A
14:51:09.708 [JavaFX Application Thread] DEBUG Input                - Registered new binding: Right Spin - D
14:51:09.709 [JavaFX Application Thread] DEBUG Input                - Registered new binding: New Ball - Space
14:51:09.709 [JavaFX Application Thread] DEBUG Input                - Registered new binding: New Game - N
14:51:09.753 [JavaFX Application Thread] DEBUG GameApplication      - Starting main loop
14:51:09.755 [JavaFX Application Thread] DEBUG StartupState         - STARTUP
14:51:09.755 [JavaFX Application Thread] DEBUG GameApplication      - Starting new game
14:51:09.756 [JavaFX Application Thread] DEBUG Input                - Clearing active input actions
14:51:09.769 [JavaFX Application Thread] DEBUG AppStateMachine      - StartupState -> LoadingState
14:51:09.779 [FXGL Background Thread 1 ] DEBUG InitAppTask          - Clearing previous game
14:51:09.779 [FXGL Background Thread 1 ] DEBUG GameWorld            - Clearing game world
14:51:09.779 [FXGL Background Thread 1 ] DEBUG PhysicsWorld         - Clearing physics world
14:51:09.780 [FXGL Background Thread 1 ] DEBUG GameScene            - Clearing game scene
14:51:09.781 [FXGL Background Thread 1 ] DEBUG InitAppTask          - Initializing Game
14:51:09.881 [FXGL Background Thread 1 ] DEBUG GameScene            - Creating render group for layer: BACKGROUND(1000)
14:51:09.952 [FXGL Background Thread 1 ] DEBUG GameScene            - Creating render group for layer: DEFAULT(100000)
14:51:09.954 [FXGL Background Thread 1 ] DEBUG InitAppTask          - Initializing Physics
14:51:09.955 [FXGL Background Thread 1 ] DEBUG InitAppTask          - Initializing UI
14:51:09.957 [FXGL Background Thread 1 ] DEBUG InitAppTask          - Initialization Complete
14:51:09.957 [FXGL Background Thread 1 ] INFO  InitAppTask          - Game initialization took: 0,178 sec
14:51:09.959 [JavaFX Application Thread] DEBUG Input                - Clearing active input actions
14:51:09.969 [JavaFX Application Thread] DEBUG AppStateMachine      - LoadingState -> PlayState
14:53:19.133 [JavaFX Application Thread] DEBUG GameApplication      - Exiting game application
14:53:19.136 [JavaFX Application Thread] DEBUG GameApplication      - Shutting down background threads
14:53:19.137 [JavaFX Application Thread] DEBUG GameApplication      - Exiting FXGL
14:53:19.137 [JavaFX Application Thread] DEBUG FXGL                 - Saving FXGL system data
14:53:19.145 [JavaFX Application Thread] DEBUG DesktopFSService     - Writing to: system\fxgl.bundle
14:53:19.156 [JavaFX Application Thread] DEBUG GameApplication      - Closing logger and exiting JavaFX
