14:40:28.532 [JavaFX Application Thread] DEBUG GameApplication      - Logger initialized
14:40:28.563 [JavaFX Application Thread] DEBUG MainWindow           - Creating a JavaFX scene
14:40:28.721 [JavaFX Application Thread] DEBUG MainWindow           - Target settings size: 800.0 x 600.0
14:40:28.722 [JavaFX Application Thread] DEBUG MainWindow           - Scaled scene size:    800.0 x 600.0
14:40:28.722 [JavaFX Application Thread] DEBUG MainWindow           - Scaled ratio: (1.0, 1.0)
14:40:28.730 [JavaFX Application Thread] DEBUG GameApplication      - Starting FXGL
14:40:28.736 [JavaFX Application Thread] INFO  FXGL                 - FXGL-0.5.3 on DESKTOP
14:40:28.737 [JavaFX Application Thread] INFO  FXGL                 - Source code and latest versions at: https://github.com/AlmasB/FXGL
14:40:28.737 [JavaFX Application Thread] INFO  FXGL                 -              Join the FXGL chat at: https://gitter.im/AlmasB/FXGL
14:40:28.753 [JavaFX Application Thread] DEBUG FS                   - Loaded DesktopFSService
14:40:28.754 [JavaFX Application Thread] DEBUG FXGL                 - Loading FXGL system data
14:40:28.765 [JavaFX Application Thread] DEBUG DesktopFSService     - Reading from: system\fxgl.bundle
14:40:28.784 [JavaFX Application Thread] DEBUG Bundle               - Logging bundle: FXGL
14:40:28.786 [JavaFX Application Thread] DEBUG Bundle               - FXGL.offline.timer.version.check=2018-08-18T13:31:12.664
14:40:28.854 [JavaFX Application Thread] DEBUG GameApplication      - FXGL started
14:40:28.854 [JavaFX Application Thread] DEBUG GameApplication      - Logging game settings
Title: Pinball App
Version: 0.1
Width: 800
Height: 600
Fullscreen: false
Intro: false
Menus: false
Profiling: false
Single step:false
App Mode: DEVELOPER
Menu Key: ESCAPE
Stage Style: DECORATED
Scene Factory: class com.almasb.fxgl.scene.SceneFactory
Dialog Factory: class com.almasb.fxgl.ui.FXGLDialogFactory
UI Factory: class com.almasb.fxgl.ui.FXGLUIFactory
Notification Service: class com.almasb.fxgl.gameplay.notification.XboxNotificationView
Exception Handler: class com.almasb.fxgl.app.FXGLExceptionHandler
14:40:28.858 [JavaFX Application Thread] DEBUG GameApplication      - Configuring GameApplication
14:40:28.858 [JavaFX Application Thread] DEBUG GameApplication      - Initializing state machine and application states
14:40:28.913 [JavaFX Application Thread] DEBUG AssetLoader          - Loading from disk: /assets/ui/cursors/fxgl_default.png
14:40:28.963 [JavaFX Application Thread] DEBUG AssetLoader          - Loading from disk: /assets/ui/cursors/fxgl_default.png
14:40:29.017 [JavaFX Application Thread] DEBUG FXGLAssets           - Loading FXGLAssets
14:40:29.120 [JavaFX Application Thread] DEBUG AssetLoader          - Loading from disk: /assets/ui/fonts/VarelaRound-Regular.ttf
14:40:29.445 [JavaFX Application Thread] DEBUG AssetLoader          - Loading from disk: /assets/ui/fonts/lucida_console.ttf
14:40:29.450 [JavaFX Application Thread] DEBUG AssetLoader          - Loading from disk: /assets/ui/fonts/Courier-Prime.ttf
14:40:29.454 [JavaFX Application Thread] DEBUG AssetLoader          - Loading from disk: /assets/ui/fonts/Abel-Regular.ttf
14:40:29.458 [JavaFX Application Thread] DEBUG AssetLoader          - Loading from disk: /assets/ui/css/fxgl_dark.css
14:40:29.499 [JavaFX Application Thread] DEBUG AssetLoader          - Loading from disk: /assets/ui/cursors/fxgl_default.png
14:40:29.584 [JavaFX Application Thread] DEBUG AssetLoader          - Loading from disk: /assets/ui/cursors/fxgl_default.png
14:40:29.611 [JavaFX Application Thread] DEBUG GameScene            - Game scene initialized: 800x600
14:40:29.618 [JavaFX Application Thread] DEBUG GameWorld            - Game world initialized
14:40:29.688 [JavaFX Application Thread] DEBUG PhysicsWorld         - Physics world initialized: appHeight=600, physics.ppm=50,0
14:40:29.720 [JavaFX Application Thread] DEBUG Input                - Registered new binding: Pause - Esc
14:40:29.743 [JavaFX Application Thread] DEBUG Input                - Clearing active input actions
14:40:29.821 [JavaFX Application Thread] DEBUG AppStateMachine      - StartupState -> StartupState
14:40:29.827 [JavaFX Application Thread] INFO  GameApplication      - Game configuration took:  0,969 sec
14:40:29.831 [JavaFX Application Thread] DEBUG AssetLoader          - Loading from disk: /assets/textures/fxgl_icon.png
14:40:29.851 [JavaFX Application Thread] DEBUG MainWindow           - Opening main window
14:40:30.031 [JavaFX Application Thread] DEBUG MainWindow           - Window border size: (6.0, 29.0)
14:40:30.031 [JavaFX Application Thread] DEBUG MainWindow           - Scaled size: 800.0 x 600.0
14:40:30.031 [JavaFX Application Thread] DEBUG MainWindow           - Scaled ratio: (1.0, 1.0)
14:40:30.031 [JavaFX Application Thread] DEBUG MainWindow           - Scene size: 800.0 x 600.0
14:40:30.032 [JavaFX Application Thread] DEBUG MainWindow           - Stage size: 806.0 x 629.0
14:40:30.032 [JavaFX Application Thread] DEBUG GameApplication      - Running preInit()
14:40:30.035 [JavaFX Application Thread] DEBUG Input                - Registered new binding: Screenshot - P
14:40:30.035 [JavaFX Application Thread] DEBUG Input                - Registered new binding: Dev Options - CTRL+0
14:40:30.036 [JavaFX Application Thread] DEBUG Input                - Registered new binding: System info dump - CTRL+9
14:40:30.037 [JavaFX Application Thread] DEBUG Input                - Registered new binding: Restart - CTRL+R
14:40:30.037 [JavaFX Application Thread] DEBUG Input                - Registered new binding: Left Spin - A
14:40:30.037 [JavaFX Application Thread] DEBUG Input                - Registered new binding: Right Spin - D
14:40:30.038 [JavaFX Application Thread] DEBUG Input                - Registered new binding: New Ball - Space
14:40:30.038 [JavaFX Application Thread] DEBUG Input                - Registered new binding: New Game - N
14:40:30.081 [JavaFX Application Thread] DEBUG GameApplication      - Starting main loop
14:40:30.084 [JavaFX Application Thread] DEBUG StartupState         - STARTUP
14:40:30.084 [JavaFX Application Thread] DEBUG GameApplication      - Starting new game
14:40:30.084 [JavaFX Application Thread] DEBUG Input                - Clearing active input actions
14:40:30.094 [JavaFX Application Thread] DEBUG AppStateMachine      - StartupState -> LoadingState
14:40:30.100 [FXGL Background Thread 1 ] DEBUG InitAppTask          - Clearing previous game
14:40:30.100 [FXGL Background Thread 1 ] DEBUG GameWorld            - Clearing game world
14:40:30.101 [FXGL Background Thread 1 ] DEBUG PhysicsWorld         - Clearing physics world
14:40:30.101 [FXGL Background Thread 1 ] DEBUG GameScene            - Clearing game scene
14:40:30.102 [FXGL Background Thread 1 ] DEBUG InitAppTask          - Initializing Game
14:40:30.198 [FXGL Background Thread 1 ] DEBUG GameScene            - Creating render group for layer: BACKGROUND(1000)
14:40:30.247 [FXGL Background Thread 1 ] DEBUG GameScene            - Creating render group for layer: DEFAULT(100000)
14:40:30.249 [FXGL Background Thread 1 ] DEBUG InitAppTask          - Initializing Physics
14:40:30.250 [FXGL Background Thread 1 ] DEBUG InitAppTask          - Initializing UI
14:40:30.251 [FXGL Background Thread 1 ] DEBUG InitAppTask          - Initialization Complete
14:40:30.252 [FXGL Background Thread 1 ] INFO  InitAppTask          - Game initialization took: 0,151 sec
14:40:30.259 [JavaFX Application Thread] DEBUG Input                - Clearing active input actions
14:40:30.269 [JavaFX Application Thread] DEBUG AppStateMachine      - LoadingState -> PlayState
14:40:56.140 [JavaFX Application Thread] DEBUG GameApplication      - Exiting game application
14:40:56.142 [JavaFX Application Thread] DEBUG GameApplication      - Shutting down background threads
14:40:56.144 [JavaFX Application Thread] DEBUG GameApplication      - Exiting FXGL
14:40:56.145 [JavaFX Application Thread] DEBUG FXGL                 - Saving FXGL system data
14:40:56.154 [JavaFX Application Thread] DEBUG DesktopFSService     - Writing to: system\fxgl.bundle
14:40:56.168 [JavaFX Application Thread] DEBUG GameApplication      - Closing logger and exiting JavaFX
